{"C:\\Users\\HP\\Web development\\Kay\\DoneWithIt\\App.js": {"path":"C:\\Users\\HP\\Web development\\Kay\\DoneWithIt\\App.js","statementMap":{"0":{"start":{"line":8,"column":2},"end":{"line":12,"column":4}}},"fnMap":{"0":{"name":"App","decl":{"start":{"line":7,"column":24},"end":{"line":7,"column":27}},"loc":{"start":{"line":7,"column":30},"end":{"line":13,"column":1}},"line":7}},"branchMap":{},"s":{"0":1},"f":{"0":1},"b":{},"_coverageSchema":"1a1c01bbd47fc00a2c39e90264f33305004495a9","hash":"1f9290ecb84716fbce4b56c36d848d986e7c334b"}
,"C:\\Users\\HP\\Web development\\Kay\\DoneWithIt\\app\\api\\client.js": {"path":"C:\\Users\\HP\\Web development\\Kay\\DoneWithIt\\app\\api\\client.js","statementMap":{"0":{"start":{"line":3,"column":18},"end":{"line":5,"column":2}}},"fnMap":{},"branchMap":{},"s":{"0":1},"f":{},"b":{},"_coverageSchema":"1a1c01bbd47fc00a2c39e90264f33305004495a9","hash":"05fdfb70281e0eaa57de25c2e63892aaf2723f32"}
,"C:\\Users\\HP\\Web development\\Kay\\DoneWithIt\\app\\api\\listings.js": {"path":"C:\\Users\\HP\\Web development\\Kay\\DoneWithIt\\app\\api\\listings.js","statementMap":{"0":{"start":{"line":3,"column":17},"end":{"line":3,"column":28}},"1":{"start":{"line":5,"column":20},"end":{"line":5,"column":46}},"2":{"start":{"line":5,"column":26},"end":{"line":5,"column":46}}},"fnMap":{"0":{"name":"(anonymous_0)","decl":{"start":{"line":5,"column":20},"end":{"line":5,"column":21}},"loc":{"start":{"line":5,"column":26},"end":{"line":5,"column":46}},"line":5}},"branchMap":{},"s":{"0":1,"1":1,"2":0},"f":{"0":0},"b":{},"_coverageSchema":"1a1c01bbd47fc00a2c39e90264f33305004495a9","hash":"83a09ffb130f078212f02d7acdac6cd8c26dbf70"}
,"C:\\Users\\HP\\Web development\\Kay\\DoneWithIt\\app\\components\\ActivityIndicator.js": {"path":"C:\\Users\\HP\\Web development\\Kay\\DoneWithIt\\app\\components\\ActivityIndicator.js","statementMap":{"0":{"start":{"line":6,"column":4},"end":{"line":6,"column":30}},"1":{"start":{"line":6,"column":18},"end":{"line":6,"column":30}},"2":{"start":{"line":8,"column":4},"end":{"line":11,"column":63}}},"fnMap":{"0":{"name":"ActivityIndicator","decl":{"start":{"line":5,"column":9},"end":{"line":5,"column":26}},"loc":{"start":{"line":5,"column":48},"end":{"line":12,"column":1}},"line":5}},"branchMap":{"0":{"loc":{"start":{"line":5,"column":29},"end":{"line":5,"column":44}},"type":"default-arg","locations":[{"start":{"line":5,"column":39},"end":{"line":5,"column":44}}],"line":5},"1":{"loc":{"start":{"line":6,"column":4},"end":{"line":6,"column":30}},"type":"if","locations":[{"start":{"line":6,"column":4},"end":{"line":6,"column":30}},{"start":{"line":6,"column":4},"end":{"line":6,"column":30}}],"line":6}},"s":{"0":0,"1":0,"2":0},"f":{"0":0},"b":{"0":[0],"1":[0,0]},"_coverageSchema":"1a1c01bbd47fc00a2c39e90264f33305004495a9","hash":"2edee833ca0efc569e672135a9419add9ba24b13"}
,"C:\\Users\\HP\\Web development\\Kay\\DoneWithIt\\app\\components\\AppButton.js": {"path":"C:\\Users\\HP\\Web development\\Kay\\DoneWithIt\\app\\components\\AppButton.js","statementMap":{"0":{"start":{"line":7,"column":4},"end":{"line":11,"column":6}},"1":{"start":{"line":14,"column":15},"end":{"line":30,"column":2}}},"fnMap":{"0":{"name":"AppButton","decl":{"start":{"line":6,"column":9},"end":{"line":6,"column":18}},"loc":{"start":{"line":6,"column":57},"end":{"line":12,"column":1}},"line":6}},"branchMap":{"0":{"loc":{"start":{"line":6,"column":37},"end":{"line":6,"column":53}},"type":"default-arg","locations":[{"start":{"line":6,"column":44},"end":{"line":6,"column":53}}],"line":6}},"s":{"0":1,"1":2},"f":{"0":1},"b":{"0":[1]},"_coverageSchema":"1a1c01bbd47fc00a2c39e90264f33305004495a9","hash":"9cf5a168bb553ea8f370fb11cd879d06019dac36"}
,"C:\\Users\\HP\\Web development\\Kay\\DoneWithIt\\app\\components\\AppPicker.js": {"path":"C:\\Users\\HP\\Web development\\Kay\\DoneWithIt\\app\\components\\AppPicker.js","statementMap":{"0":{"start":{"line":13,"column":41},"end":{"line":13,"column":56}},"1":{"start":{"line":15,"column":2},"end":{"line":62,"column":4}},"2":{"start":{"line":17,"column":45},"end":{"line":17,"column":66}},"3":{"start":{"line":43,"column":47},"end":{"line":43,"column":69}},"4":{"start":{"line":46,"column":36},"end":{"line":46,"column":57}},"5":{"start":{"line":49,"column":14},"end":{"line":56,"column":16}},"6":{"start":{"line":53,"column":18},"end":{"line":53,"column":41}},"7":{"start":{"line":54,"column":18},"end":{"line":54,"column":37}},"8":{"start":{"line":65,"column":15},"end":{"line":84,"column":2}}},"fnMap":{"0":{"name":"AppPicker","decl":{"start":{"line":12,"column":9},"end":{"line":12,"column":18}},"loc":{"start":{"line":12,"column":132},"end":{"line":63,"column":1}},"line":12},"1":{"name":"(anonymous_1)","decl":{"start":{"line":17,"column":39},"end":{"line":17,"column":40}},"loc":{"start":{"line":17,"column":45},"end":{"line":17,"column":66}},"line":17},"2":{"name":"(anonymous_2)","decl":{"start":{"line":43,"column":41},"end":{"line":43,"column":42}},"loc":{"start":{"line":43,"column":47},"end":{"line":43,"column":69}},"line":43},"3":{"name":"(anonymous_3)","decl":{"start":{"line":46,"column":26},"end":{"line":46,"column":27}},"loc":{"start":{"line":46,"column":36},"end":{"line":46,"column":57}},"line":46},"4":{"name":"(anonymous_4)","decl":{"start":{"line":48,"column":24},"end":{"line":48,"column":25}},"loc":{"start":{"line":49,"column":14},"end":{"line":56,"column":16}},"line":49},"5":{"name":"(anonymous_5)","decl":{"start":{"line":52,"column":25},"end":{"line":52,"column":26}},"loc":{"start":{"line":52,"column":31},"end":{"line":55,"column":17}},"line":52}},"branchMap":{"0":{"loc":{"start":{"line":12,"column":34},"end":{"line":12,"column":53}},"type":"default-arg","locations":[{"start":{"line":12,"column":52},"end":{"line":12,"column":53}}],"line":12},"1":{"loc":{"start":{"line":12,"column":69},"end":{"line":12,"column":101}},"type":"default-arg","locations":[{"start":{"line":12,"column":91},"end":{"line":12,"column":101}}],"line":12},"2":{"loc":{"start":{"line":19,"column":7},"end":{"line":26,"column":7}},"type":"binary-expr","locations":[{"start":{"line":19,"column":7},"end":{"line":19,"column":11}},{"start":{"line":20,"column":8},"end":{"line":25,"column":10}}],"line":19},"3":{"loc":{"start":{"line":27,"column":11},"end":{"line":31,"column":11}},"type":"cond-expr","locations":[{"start":{"line":28,"column":12},"end":{"line":28,"column":71}},{"start":{"line":30,"column":14},"end":{"line":30,"column":73}}],"line":27}},"s":{"0":0,"1":0,"2":0,"3":0,"4":0,"5":0,"6":0,"7":0,"8":1},"f":{"0":0,"1":0,"2":0,"3":0,"4":0,"5":0},"b":{"0":[0],"1":[0],"2":[0,0],"3":[0,0]},"_coverageSchema":"1a1c01bbd47fc00a2c39e90264f33305004495a9","hash":"fe807fe3aee0a24e3d417b508d01758e54dc0d4b"}
,"C:\\Users\\HP\\Web development\\Kay\\DoneWithIt\\app\\components\\AppText.js": {"path":"C:\\Users\\HP\\Web development\\Kay\\DoneWithIt\\app\\components\\AppText.js","statementMap":{"0":{"start":{"line":8,"column":4},"end":{"line":10,"column":6}}},"fnMap":{"0":{"name":"AppText","decl":{"start":{"line":7,"column":9},"end":{"line":7,"column":16}},"loc":{"start":{"line":7,"column":53},"end":{"line":11,"column":1}},"line":7}},"branchMap":{},"s":{"0":0},"f":{"0":0},"b":{},"_coverageSchema":"1a1c01bbd47fc00a2c39e90264f33305004495a9","hash":"a5ccfe340db2bb581bfb7c9062b8c433e7d68678"}
,"C:\\Users\\HP\\Web development\\Kay\\DoneWithIt\\app\\components\\AppTextInput.js": {"path":"C:\\Users\\HP\\Web development\\Kay\\DoneWithIt\\app\\components\\AppTextInput.js","statementMap":{"0":{"start":{"line":9,"column":4},"end":{"line":16,"column":5}},"1":{"start":{"line":19,"column":15},"end":{"line":31,"column":2}}},"fnMap":{"0":{"name":"AppTextInput","decl":{"start":{"line":8,"column":9},"end":{"line":8,"column":21}},"loc":{"start":{"line":8,"column":47},"end":{"line":17,"column":1}},"line":8}},"branchMap":{"0":{"loc":{"start":{"line":11,"column":9},"end":{"line":11,"column":121}},"type":"binary-expr","locations":[{"start":{"line":11,"column":9},"end":{"line":11,"column":13}},{"start":{"line":11,"column":17},"end":{"line":11,"column":121}}],"line":11}},"s":{"0":0,"1":1},"f":{"0":0},"b":{"0":[0,0]},"_coverageSchema":"1a1c01bbd47fc00a2c39e90264f33305004495a9","hash":"be424870d47c7e603bff65b9c41f95ce56bce830"}
,"C:\\Users\\HP\\Web development\\Kay\\DoneWithIt\\app\\components\\Button.js": {"path":"C:\\Users\\HP\\Web development\\Kay\\DoneWithIt\\app\\components\\Button.js","statementMap":{"0":{"start":{"line":7,"column":2},"end":{"line":14,"column":4}},"1":{"start":{"line":17,"column":15},"end":{"line":33,"column":2}}},"fnMap":{"0":{"name":"AppButton","decl":{"start":{"line":6,"column":9},"end":{"line":6,"column":18}},"loc":{"start":{"line":6,"column":58},"end":{"line":15,"column":1}},"line":6}},"branchMap":{"0":{"loc":{"start":{"line":6,"column":37},"end":{"line":6,"column":54}},"type":"default-arg","locations":[{"start":{"line":6,"column":45},"end":{"line":6,"column":54}}],"line":6}},"s":{"0":0,"1":0},"f":{"0":0},"b":{"0":[0]}}
,"C:\\Users\\HP\\Web development\\Kay\\DoneWithIt\\app\\components\\Card.js": {"path":"C:\\Users\\HP\\Web development\\Kay\\DoneWithIt\\app\\components\\Card.js","statementMap":{"0":{"start":{"line":8,"column":4},"end":{"line":18,"column":6}},"1":{"start":{"line":21,"column":15},"end":{"line":42,"column":2}}},"fnMap":{"0":{"name":"Card","decl":{"start":{"line":7,"column":9},"end":{"line":7,"column":13}},"loc":{"start":{"line":7,"column":54},"end":{"line":19,"column":1}},"line":7}},"branchMap":{},"s":{"0":0,"1":1},"f":{"0":0},"b":{},"_coverageSchema":"1a1c01bbd47fc00a2c39e90264f33305004495a9","hash":"bf33125313e7984c3b7b06181e3920bfc6180e22"}
,"C:\\Users\\HP\\Web development\\Kay\\DoneWithIt\\app\\components\\Icon.js": {"path":"C:\\Users\\HP\\Web development\\Kay\\DoneWithIt\\app\\components\\Icon.js","statementMap":{"0":{"start":{"line":11,"column":4},"end":{"line":26,"column":5}}},"fnMap":{"0":{"name":"Icon","decl":{"start":{"line":5,"column":9},"end":{"line":5,"column":13}},"loc":{"start":{"line":10,"column":7},"end":{"line":27,"column":1}},"line":10}},"branchMap":{"0":{"loc":{"start":{"line":7,"column":5},"end":{"line":7,"column":14}},"type":"default-arg","locations":[{"start":{"line":7,"column":12},"end":{"line":7,"column":14}}],"line":7},"1":{"loc":{"start":{"line":8,"column":5},"end":{"line":8,"column":29}},"type":"default-arg","locations":[{"start":{"line":8,"column":23},"end":{"line":8,"column":29}}],"line":8},"2":{"loc":{"start":{"line":9,"column":5},"end":{"line":9,"column":23}},"type":"default-arg","locations":[{"start":{"line":9,"column":17},"end":{"line":9,"column":23}}],"line":9}},"s":{"0":0},"f":{"0":0},"b":{"0":[0],"1":[0],"2":[0]},"_coverageSchema":"1a1c01bbd47fc00a2c39e90264f33305004495a9","hash":"b41d662cba15350227a3c686380758986d678b2e"}
,"C:\\Users\\HP\\Web development\\Kay\\DoneWithIt\\app\\components\\ImageInput.js": {"path":"C:\\Users\\HP\\Web development\\Kay\\DoneWithIt\\app\\components\\ImageInput.js","statementMap":{"0":{"start":{"line":9,"column":4},"end":{"line":11,"column":11}},"1":{"start":{"line":10,"column":8},"end":{"line":10,"column":28}},"2":{"start":{"line":14,"column":31},"end":{"line":20,"column":6}},"3":{"start":{"line":17,"column":11},"end":{"line":17,"column":64}},"4":{"start":{"line":18,"column":7},"end":{"line":19,"column":70}},"5":{"start":{"line":19,"column":9},"end":{"line":19,"column":70}},"6":{"start":{"line":23,"column":24},"end":{"line":29,"column":5}},"7":{"start":{"line":24,"column":8},"end":{"line":28,"column":11}},"8":{"start":{"line":24,"column":23},"end":{"line":24,"column":37}},"9":{"start":{"line":25,"column":13},"end":{"line":28,"column":11}},"10":{"start":{"line":26,"column":42},"end":{"line":26,"column":61}},"11":{"start":{"line":31,"column":25},"end":{"line":41,"column":3}},"12":{"start":{"line":32,"column":4},"end":{"line":40,"column":5}},"13":{"start":{"line":33,"column":23},"end":{"line":36,"column":8}},"14":{"start":{"line":37,"column":6},"end":{"line":37,"column":55}},"15":{"start":{"line":37,"column":29},"end":{"line":37,"column":55}},"16":{"start":{"line":39,"column":6},"end":{"line":39,"column":43}},"17":{"start":{"line":43,"column":4},"end":{"line":50,"column":4}},"18":{"start":{"line":53,"column":16},"end":{"line":67,"column":2}}},"fnMap":{"0":{"name":"ImageInput","decl":{"start":{"line":8,"column":9},"end":{"line":8,"column":19}},"loc":{"start":{"line":8,"column":49},"end":{"line":51,"column":1}},"line":8},"1":{"name":"(anonymous_1)","decl":{"start":{"line":9,"column":14},"end":{"line":9,"column":15}},"loc":{"start":{"line":9,"column":20},"end":{"line":11,"column":5}},"line":9},"2":{"name":"(anonymous_2)","decl":{"start":{"line":14,"column":31},"end":{"line":14,"column":32}},"loc":{"start":{"line":14,"column":43},"end":{"line":20,"column":6}},"line":14},"3":{"name":"(anonymous_3)","decl":{"start":{"line":23,"column":24},"end":{"line":23,"column":25}},"loc":{"start":{"line":23,"column":30},"end":{"line":29,"column":5}},"line":23},"4":{"name":"(anonymous_4)","decl":{"start":{"line":26,"column":36},"end":{"line":26,"column":37}},"loc":{"start":{"line":26,"column":42},"end":{"line":26,"column":61}},"line":26},"5":{"name":"(anonymous_5)","decl":{"start":{"line":31,"column":25},"end":{"line":31,"column":26}},"loc":{"start":{"line":31,"column":37},"end":{"line":41,"column":3}},"line":31}},"branchMap":{"0":{"loc":{"start":{"line":18,"column":7},"end":{"line":19,"column":70}},"type":"if","locations":[{"start":{"line":18,"column":7},"end":{"line":19,"column":70}},{"start":{"line":18,"column":7},"end":{"line":19,"column":70}}],"line":18},"1":{"loc":{"start":{"line":24,"column":8},"end":{"line":28,"column":11}},"type":"if","locations":[{"start":{"line":24,"column":8},"end":{"line":28,"column":11}},{"start":{"line":24,"column":8},"end":{"line":28,"column":11}}],"line":24},"2":{"loc":{"start":{"line":37,"column":6},"end":{"line":37,"column":55}},"type":"if","locations":[{"start":{"line":37,"column":6},"end":{"line":37,"column":55}},{"start":{"line":37,"column":6},"end":{"line":37,"column":55}}],"line":37},"3":{"loc":{"start":{"line":46,"column":10},"end":{"line":46,"column":97}},"type":"binary-expr","locations":[{"start":{"line":46,"column":10},"end":{"line":46,"column":19}},{"start":{"line":46,"column":24},"end":{"line":46,"column":96}}],"line":46},"4":{"loc":{"start":{"line":47,"column":10},"end":{"line":47,"column":79}},"type":"binary-expr","locations":[{"start":{"line":47,"column":10},"end":{"line":47,"column":18}},{"start":{"line":47,"column":22},"end":{"line":47,"column":79}}],"line":47}},"s":{"0":0,"1":0,"2":0,"3":0,"4":0,"5":0,"6":0,"7":0,"8":0,"9":0,"10":0,"11":0,"12":0,"13":0,"14":0,"15":0,"16":0,"17":0,"18":1},"f":{"0":0,"1":0,"2":0,"3":0,"4":0,"5":0},"b":{"0":[0,0],"1":[0,0],"2":[0,0],"3":[0,0],"4":[0,0]},"_coverageSchema":"1a1c01bbd47fc00a2c39e90264f33305004495a9","hash":"c4e4da80f8d633ea9756116fecca7ff6b5a1db34"}
,"C:\\Users\\HP\\Web development\\Kay\\DoneWithIt\\app\\components\\ImageInputList.js": {"path":"C:\\Users\\HP\\Web development\\Kay\\DoneWithIt\\app\\components\\ImageInputList.js","statementMap":{"0":{"start":{"line":6,"column":23},"end":{"line":6,"column":31}},"1":{"start":{"line":8,"column":4},"end":{"line":28,"column":6}},"2":{"start":{"line":13,"column":35},"end":{"line":13,"column":67}},"3":{"start":{"line":17,"column":12},"end":{"line":22,"column":19}},"4":{"start":{"line":20,"column":37},"end":{"line":20,"column":55}},"5":{"start":{"line":24,"column":46},"end":{"line":24,"column":61}},"6":{"start":{"line":31,"column":15},"end":{"line":38,"column":2}}},"fnMap":{"0":{"name":"ImageInputList","decl":{"start":{"line":5,"column":9},"end":{"line":5,"column":23}},"loc":{"start":{"line":5,"column":71},"end":{"line":29,"column":1}},"line":5},"1":{"name":"(anonymous_1)","decl":{"start":{"line":13,"column":29},"end":{"line":13,"column":30}},"loc":{"start":{"line":13,"column":35},"end":{"line":13,"column":67}},"line":13},"2":{"name":"(anonymous_2)","decl":{"start":{"line":16,"column":25},"end":{"line":16,"column":26}},"loc":{"start":{"line":17,"column":12},"end":{"line":22,"column":19}},"line":17},"3":{"name":"(anonymous_3)","decl":{"start":{"line":20,"column":31},"end":{"line":20,"column":32}},"loc":{"start":{"line":20,"column":37},"end":{"line":20,"column":55}},"line":20},"4":{"name":"(anonymous_4)","decl":{"start":{"line":24,"column":37},"end":{"line":24,"column":38}},"loc":{"start":{"line":24,"column":46},"end":{"line":24,"column":61}},"line":24}},"branchMap":{"0":{"loc":{"start":{"line":5,"column":26},"end":{"line":5,"column":40}},"type":"default-arg","locations":[{"start":{"line":5,"column":38},"end":{"line":5,"column":40}}],"line":5}},"s":{"0":0,"1":0,"2":0,"3":0,"4":0,"5":0,"6":1},"f":{"0":0,"1":0,"2":0,"3":0,"4":0},"b":{"0":[0]},"_coverageSchema":"1a1c01bbd47fc00a2c39e90264f33305004495a9","hash":"5b015bde475cb01929cfaa98775554899e3419b1"}
,"C:\\Users\\HP\\Web development\\Kay\\DoneWithIt\\app\\components\\Screen.js": {"path":"C:\\Users\\HP\\Web development\\Kay\\DoneWithIt\\app\\components\\Screen.js","statementMap":{"0":{"start":{"line":6,"column":4},"end":{"line":10,"column":6}},"1":{"start":{"line":13,"column":15},"end":{"line":21,"column":2}}},"fnMap":{"0":{"name":"Screen","decl":{"start":{"line":5,"column":9},"end":{"line":5,"column":15}},"loc":{"start":{"line":5,"column":37},"end":{"line":11,"column":1}},"line":5}},"branchMap":{},"s":{"0":0,"1":1},"f":{"0":0},"b":{},"_coverageSchema":"1a1c01bbd47fc00a2c39e90264f33305004495a9","hash":"55ac1a2db11a7628524ab9b9d97eb9b7994c5f6b"}
,"C:\\Users\\HP\\Web development\\Kay\\DoneWithIt\\app\\components\\Test.js": {"path":"C:\\Users\\HP\\Web development\\Kay\\DoneWithIt\\app\\components\\Test.js","statementMap":{"0":{"start":{"line":5,"column":1},"end":{"line":7,"column":4}},"1":{"start":{"line":10,"column":16},"end":{"line":12,"column":2}}},"fnMap":{"0":{"name":"Test","decl":{"start":{"line":4,"column":9},"end":{"line":4,"column":13}},"loc":{"start":{"line":4,"column":21},"end":{"line":8,"column":1}},"line":4}},"branchMap":{},"s":{"0":0,"1":0},"f":{"0":0},"b":{}}
,"C:\\Users\\HP\\Web development\\Kay\\DoneWithIt\\app\\components\\Text.js": {"path":"C:\\Users\\HP\\Web development\\Kay\\DoneWithIt\\app\\components\\Text.js","statementMap":{"0":{"start":{"line":6,"column":2},"end":{"line":10,"column":4}}},"fnMap":{"0":{"name":"AppText","decl":{"start":{"line":5,"column":9},"end":{"line":5,"column":16}},"loc":{"start":{"line":5,"column":53},"end":{"line":11,"column":1}},"line":5}},"branchMap":{},"s":{"0":0},"f":{"0":0},"b":{},"_coverageSchema":"1a1c01bbd47fc00a2c39e90264f33305004495a9","hash":"0499c9ff60bbe586f6858439b62d8ed0f4d20c2b"}
,"C:\\Users\\HP\\Web development\\Kay\\DoneWithIt\\app\\components\\TextInput.js": {"path":"C:\\Users\\HP\\Web development\\Kay\\DoneWithIt\\app\\components\\TextInput.js","statementMap":{"0":{"start":{"line":8,"column":2},"end":{"line":24,"column":4}},"1":{"start":{"line":27,"column":15},"end":{"line":38,"column":2}}},"fnMap":{"0":{"name":"AppTextInput","decl":{"start":{"line":7,"column":9},"end":{"line":7,"column":21}},"loc":{"start":{"line":7,"column":63},"end":{"line":25,"column":1}},"line":7}},"branchMap":{"0":{"loc":{"start":{"line":7,"column":30},"end":{"line":7,"column":44}},"type":"default-arg","locations":[{"start":{"line":7,"column":38},"end":{"line":7,"column":44}}],"line":7},"1":{"loc":{"start":{"line":10,"column":7},"end":{"line":17,"column":7}},"type":"binary-expr","locations":[{"start":{"line":10,"column":7},"end":{"line":10,"column":11}},{"start":{"line":11,"column":8},"end":{"line":16,"column":10}}],"line":10}},"s":{"0":0,"1":0},"f":{"0":0},"b":{"0":[0],"1":[0,0]}}
,"C:\\Users\\HP\\Web development\\Kay\\DoneWithIt\\app\\components\\Picker\\CategoryPickerItem.js": {"path":"C:\\Users\\HP\\Web development\\Kay\\DoneWithIt\\app\\components\\Picker\\CategoryPickerItem.js","statementMap":{"0":{"start":{"line":7,"column":27},"end":{"line":20,"column":1}},"1":{"start":{"line":8,"column":2},"end":{"line":19,"column":4}},"2":{"start":{"line":24,"column":15},"end":{"line":35,"column":2}}},"fnMap":{"0":{"name":"(anonymous_0)","decl":{"start":{"line":7,"column":27},"end":{"line":7,"column":28}},"loc":{"start":{"line":7,"column":50},"end":{"line":20,"column":1}},"line":7}},"branchMap":{},"s":{"0":1,"1":0,"2":1},"f":{"0":0},"b":{},"_coverageSchema":"1a1c01bbd47fc00a2c39e90264f33305004495a9","hash":"c6543d875f96e1f215f0499b41314f926c324d1f"}
,"C:\\Users\\HP\\Web development\\Kay\\DoneWithIt\\app\\components\\Picker\\Picker.js": {"path":"C:\\Users\\HP\\Web development\\Kay\\DoneWithIt\\app\\components\\Picker\\Picker.js","statementMap":{"0":{"start":{"line":17,"column":18},"end":{"line":75,"column":1}},"1":{"start":{"line":27,"column":42},"end":{"line":27,"column":57}},"2":{"start":{"line":29,"column":2},"end":{"line":74,"column":4}},"3":{"start":{"line":31,"column":47},"end":{"line":31,"column":68}},"4":{"start":{"line":56,"column":47},"end":{"line":56,"column":69}},"5":{"start":{"line":59,"column":36},"end":{"line":59,"column":57}},"6":{"start":{"line":62,"column":14},"end":{"line":68,"column":16}},"7":{"start":{"line":65,"column":18},"end":{"line":65,"column":37}},"8":{"start":{"line":66,"column":18},"end":{"line":66,"column":41}},"9":{"start":{"line":79,"column":15},"end":{"line":93,"column":2}}},"fnMap":{"0":{"name":"(anonymous_0)","decl":{"start":{"line":17,"column":18},"end":{"line":17,"column":19}},"loc":{"start":{"line":26,"column":6},"end":{"line":75,"column":1}},"line":26},"1":{"name":"(anonymous_1)","decl":{"start":{"line":31,"column":41},"end":{"line":31,"column":42}},"loc":{"start":{"line":31,"column":47},"end":{"line":31,"column":68}},"line":31},"2":{"name":"(anonymous_2)","decl":{"start":{"line":56,"column":41},"end":{"line":56,"column":42}},"loc":{"start":{"line":56,"column":47},"end":{"line":56,"column":69}},"line":56},"3":{"name":"(anonymous_3)","decl":{"start":{"line":59,"column":26},"end":{"line":59,"column":27}},"loc":{"start":{"line":59,"column":36},"end":{"line":59,"column":57}},"line":59},"4":{"name":"(anonymous_4)","decl":{"start":{"line":61,"column":24},"end":{"line":61,"column":25}},"loc":{"start":{"line":62,"column":14},"end":{"line":68,"column":16}},"line":62},"5":{"name":"(anonymous_5)","decl":{"start":{"line":64,"column":25},"end":{"line":64,"column":26}},"loc":{"start":{"line":64,"column":31},"end":{"line":67,"column":17}},"line":64}},"branchMap":{"0":{"loc":{"start":{"line":20,"column":2},"end":{"line":20,"column":21}},"type":"default-arg","locations":[{"start":{"line":20,"column":20},"end":{"line":20,"column":21}}],"line":20},"1":{"loc":{"start":{"line":22,"column":2},"end":{"line":22,"column":34}},"type":"default-arg","locations":[{"start":{"line":22,"column":24},"end":{"line":22,"column":34}}],"line":22},"2":{"loc":{"start":{"line":25,"column":2},"end":{"line":25,"column":16}},"type":"default-arg","locations":[{"start":{"line":25,"column":10},"end":{"line":25,"column":16}}],"line":25},"3":{"loc":{"start":{"line":33,"column":11},"end":{"line":40,"column":11}},"type":"binary-expr","locations":[{"start":{"line":33,"column":11},"end":{"line":33,"column":15}},{"start":{"line":34,"column":12},"end":{"line":39,"column":14}}],"line":33},"4":{"loc":{"start":{"line":41,"column":11},"end":{"line":45,"column":11}},"type":"cond-expr","locations":[{"start":{"line":42,"column":12},"end":{"line":42,"column":65}},{"start":{"line":44,"column":12},"end":{"line":44,"column":65}}],"line":41}},"s":{"0":0,"1":0,"2":0,"3":0,"4":0,"5":0,"6":0,"7":0,"8":0,"9":0},"f":{"0":0,"1":0,"2":0,"3":0,"4":0,"5":0},"b":{"0":[0],"1":[0],"2":[0],"3":[0,0],"4":[0,0]}}
,"C:\\Users\\HP\\Web development\\Kay\\DoneWithIt\\app\\components\\Picker\\PickerItem.js": {"path":"C:\\Users\\HP\\Web development\\Kay\\DoneWithIt\\app\\components\\Picker\\PickerItem.js","statementMap":{"0":{"start":{"line":6,"column":4},"end":{"line":10,"column":5}},"1":{"start":{"line":13,"column":15},"end":{"line":17,"column":2}}},"fnMap":{"0":{"name":"PickerItem","decl":{"start":{"line":5,"column":9},"end":{"line":5,"column":19}},"loc":{"start":{"line":5,"column":39},"end":{"line":11,"column":1}},"line":5}},"branchMap":{},"s":{"0":0,"1":1},"f":{"0":0},"b":{},"_coverageSchema":"1a1c01bbd47fc00a2c39e90264f33305004495a9","hash":"4ec0f4132b4ac2372c3d759afabc46192e5a64c2"}
,"C:\\Users\\HP\\Web development\\Kay\\DoneWithIt\\app\\components\\forms\\AppForm.js": {"path":"C:\\Users\\HP\\Web development\\Kay\\DoneWithIt\\app\\components\\forms\\AppForm.js","statementMap":{"0":{"start":{"line":5,"column":4},"end":{"line":15,"column":5}},"1":{"start":{"line":12,"column":12},"end":{"line":12,"column":55}}},"fnMap":{"0":{"name":"AppForm","decl":{"start":{"line":4,"column":9},"end":{"line":4,"column":16}},"loc":{"start":{"line":4,"column":74},"end":{"line":16,"column":1}},"line":4},"1":{"name":"(anonymous_1)","decl":{"start":{"line":11,"column":13},"end":{"line":11,"column":14}},"loc":{"start":{"line":11,"column":19},"end":{"line":13,"column":9}},"line":11}},"branchMap":{},"s":{"0":0,"1":0},"f":{"0":0,"1":0},"b":{}}
,"C:\\Users\\HP\\Web development\\Kay\\DoneWithIt\\app\\components\\forms\\AppFormField.js": {"path":"C:\\Users\\HP\\Web development\\Kay\\DoneWithIt\\app\\components\\forms\\AppFormField.js","statementMap":{"0":{"start":{"line":8,"column":61},"end":{"line":8,"column":79}},"1":{"start":{"line":10,"column":4},"end":{"line":19,"column":6}},"2":{"start":{"line":13,"column":24},"end":{"line":13,"column":45}}},"fnMap":{"0":{"name":"AppFormField","decl":{"start":{"line":7,"column":9},"end":{"line":7,"column":21}},"loc":{"start":{"line":7,"column":47},"end":{"line":20,"column":1}},"line":7},"1":{"name":"(anonymous_1)","decl":{"start":{"line":13,"column":18},"end":{"line":13,"column":19}},"loc":{"start":{"line":13,"column":24},"end":{"line":13,"column":45}},"line":13}},"branchMap":{},"s":{"0":0,"1":0,"2":0},"f":{"0":0,"1":0},"b":{},"_coverageSchema":"1a1c01bbd47fc00a2c39e90264f33305004495a9","hash":"9c6471da53f0aa1ad27f7f1a7a654abdaed71e4f"}
,"C:\\Users\\HP\\Web development\\Kay\\DoneWithIt\\app\\components\\forms\\AppFormPicker.js": {"path":"C:\\Users\\HP\\Web development\\Kay\\DoneWithIt\\app\\components\\forms\\AppFormPicker.js","statementMap":{"0":{"start":{"line":8,"column":53},"end":{"line":8,"column":71}},"1":{"start":{"line":10,"column":2},"end":{"line":22,"column":4}},"2":{"start":{"line":15,"column":32},"end":{"line":15,"column":57}}},"fnMap":{"0":{"name":"AppFormPicker","decl":{"start":{"line":7,"column":9},"end":{"line":7,"column":22}},"loc":{"start":{"line":7,"column":91},"end":{"line":23,"column":1}},"line":7},"1":{"name":"(anonymous_1)","decl":{"start":{"line":15,"column":22},"end":{"line":15,"column":23}},"loc":{"start":{"line":15,"column":32},"end":{"line":15,"column":57}},"line":15}},"branchMap":{},"s":{"0":0,"1":0,"2":0},"f":{"0":0,"1":0},"b":{},"_coverageSchema":"1a1c01bbd47fc00a2c39e90264f33305004495a9","hash":"b0af74c004127553f23b7cdfe6149d3c7c1dc93a"}
,"C:\\Users\\HP\\Web development\\Kay\\DoneWithIt\\app\\components\\forms\\ErrorMessage.js": {"path":"C:\\Users\\HP\\Web development\\Kay\\DoneWithIt\\app\\components\\forms\\ErrorMessage.js","statementMap":{"0":{"start":{"line":7,"column":4},"end":{"line":7,"column":40}},"1":{"start":{"line":7,"column":28},"end":{"line":7,"column":40}},"2":{"start":{"line":9,"column":4},"end":{"line":11,"column":5}},"3":{"start":{"line":14,"column":15},"end":{"line":16,"column":2}}},"fnMap":{"0":{"name":"ErrorMessage","decl":{"start":{"line":6,"column":9},"end":{"line":6,"column":21}},"loc":{"start":{"line":6,"column":42},"end":{"line":12,"column":1}},"line":6}},"branchMap":{"0":{"loc":{"start":{"line":7,"column":4},"end":{"line":7,"column":40}},"type":"if","locations":[{"start":{"line":7,"column":4},"end":{"line":7,"column":40}},{"start":{"line":7,"column":4},"end":{"line":7,"column":40}}],"line":7},"1":{"loc":{"start":{"line":7,"column":8},"end":{"line":7,"column":26}},"type":"binary-expr","locations":[{"start":{"line":7,"column":8},"end":{"line":7,"column":16}},{"start":{"line":7,"column":20},"end":{"line":7,"column":26}}],"line":7}},"s":{"0":0,"1":0,"2":0,"3":1},"f":{"0":0},"b":{"0":[0,0],"1":[0,0]},"_coverageSchema":"1a1c01bbd47fc00a2c39e90264f33305004495a9","hash":"0a2bb806bc65dfe092fb8c21cc834cc3c2edaeef"}
,"C:\\Users\\HP\\Web development\\Kay\\DoneWithIt\\app\\components\\forms\\Form.js": {"path":"C:\\Users\\HP\\Web development\\Kay\\DoneWithIt\\app\\components\\forms\\Form.js","statementMap":{"0":{"start":{"line":5,"column":2},"end":{"line":13,"column":4}},"1":{"start":{"line":11,"column":13},"end":{"line":11,"column":28}}},"fnMap":{"0":{"name":"AppForm","decl":{"start":{"line":4,"column":9},"end":{"line":4,"column":16}},"loc":{"start":{"line":4,"column":74},"end":{"line":14,"column":1}},"line":4},"1":{"name":"(anonymous_1)","decl":{"start":{"line":11,"column":7},"end":{"line":11,"column":8}},"loc":{"start":{"line":11,"column":13},"end":{"line":11,"column":28}},"line":11}},"branchMap":{},"s":{"0":0,"1":0},"f":{"0":0,"1":0},"b":{},"_coverageSchema":"1a1c01bbd47fc00a2c39e90264f33305004495a9","hash":"6646ae40af6ad4e58db9801814cb323918daccab"}
,"C:\\Users\\HP\\Web development\\Kay\\DoneWithIt\\app\\components\\forms\\FormField.js": {"path":"C:\\Users\\HP\\Web development\\Kay\\DoneWithIt\\app\\components\\forms\\FormField.js","statementMap":{"0":{"start":{"line":8,"column":61},"end":{"line":8,"column":79}},"1":{"start":{"line":10,"column":2},"end":{"line":20,"column":4}},"2":{"start":{"line":13,"column":22},"end":{"line":13,"column":43}}},"fnMap":{"0":{"name":"AppFormField","decl":{"start":{"line":7,"column":9},"end":{"line":7,"column":21}},"loc":{"start":{"line":7,"column":54},"end":{"line":21,"column":1}},"line":7},"1":{"name":"(anonymous_1)","decl":{"start":{"line":13,"column":16},"end":{"line":13,"column":17}},"loc":{"start":{"line":13,"column":22},"end":{"line":13,"column":43}},"line":13}},"branchMap":{},"s":{"0":0,"1":0,"2":0},"f":{"0":0,"1":0},"b":{}}
,"C:\\Users\\HP\\Web development\\Kay\\DoneWithIt\\app\\components\\forms\\FormImagePicker.js": {"path":"C:\\Users\\HP\\Web development\\Kay\\DoneWithIt\\app\\components\\forms\\FormImagePicker.js","statementMap":{"0":{"start":{"line":9,"column":55},"end":{"line":9,"column":73}},"1":{"start":{"line":10,"column":22},"end":{"line":10,"column":34}},"2":{"start":{"line":12,"column":23},"end":{"line":14,"column":6}},"3":{"start":{"line":13,"column":7},"end":{"line":13,"column":48}},"4":{"start":{"line":16,"column":26},"end":{"line":18,"column":6}},"5":{"start":{"line":17,"column":7},"end":{"line":17,"column":77}},"6":{"start":{"line":17,"column":58},"end":{"line":17,"column":74}},"7":{"start":{"line":20,"column":4},"end":{"line":29,"column":6}}},"fnMap":{"0":{"name":"FormImagePicker","decl":{"start":{"line":8,"column":9},"end":{"line":8,"column":24}},"loc":{"start":{"line":8,"column":35},"end":{"line":30,"column":1}},"line":8},"1":{"name":"(anonymous_1)","decl":{"start":{"line":12,"column":23},"end":{"line":12,"column":24}},"loc":{"start":{"line":12,"column":32},"end":{"line":14,"column":6}},"line":12},"2":{"name":"(anonymous_2)","decl":{"start":{"line":16,"column":26},"end":{"line":16,"column":27}},"loc":{"start":{"line":16,"column":35},"end":{"line":18,"column":6}},"line":16},"3":{"name":"(anonymous_3)","decl":{"start":{"line":17,"column":44},"end":{"line":17,"column":45}},"loc":{"start":{"line":17,"column":58},"end":{"line":17,"column":74}},"line":17}},"branchMap":{},"s":{"0":0,"1":0,"2":0,"3":0,"4":0,"5":0,"6":0,"7":0},"f":{"0":0,"1":0,"2":0,"3":0},"b":{},"_coverageSchema":"1a1c01bbd47fc00a2c39e90264f33305004495a9","hash":"2439b479881bce5fe459b5f06c2f85663365a36f"}
,"C:\\Users\\HP\\Web development\\Kay\\DoneWithIt\\app\\components\\forms\\FormPicker.js": {"path":"C:\\Users\\HP\\Web development\\Kay\\DoneWithIt\\app\\components\\forms\\FormPicker.js","statementMap":{"0":{"start":{"line":15,"column":53},"end":{"line":15,"column":71}},"1":{"start":{"line":17,"column":2},"end":{"line":30,"column":4}},"2":{"start":{"line":22,"column":32},"end":{"line":22,"column":57}}},"fnMap":{"0":{"name":"AppFormPicker","decl":{"start":{"line":7,"column":9},"end":{"line":7,"column":22}},"loc":{"start":{"line":14,"column":3},"end":{"line":31,"column":1}},"line":14},"1":{"name":"(anonymous_1)","decl":{"start":{"line":22,"column":22},"end":{"line":22,"column":23}},"loc":{"start":{"line":22,"column":32},"end":{"line":22,"column":57}},"line":22}},"branchMap":{},"s":{"0":0,"1":0,"2":0},"f":{"0":0,"1":0},"b":{}}
,"C:\\Users\\HP\\Web development\\Kay\\DoneWithIt\\app\\components\\forms\\SubmitButton.js": {"path":"C:\\Users\\HP\\Web development\\Kay\\DoneWithIt\\app\\components\\forms\\SubmitButton.js","statementMap":{"0":{"start":{"line":7,"column":27},"end":{"line":7,"column":45}},"1":{"start":{"line":8,"column":4},"end":{"line":10,"column":5}}},"fnMap":{"0":{"name":"SubmitButton","decl":{"start":{"line":6,"column":9},"end":{"line":6,"column":21}},"loc":{"start":{"line":6,"column":33},"end":{"line":11,"column":1}},"line":6}},"branchMap":{},"s":{"0":0,"1":0},"f":{"0":0},"b":{},"_coverageSchema":"1a1c01bbd47fc00a2c39e90264f33305004495a9","hash":"fc5b7dd714c1c969aa6973ca9eb19c66fdcf9a17"}
,"C:\\Users\\HP\\Web development\\Kay\\DoneWithIt\\app\\components\\forms\\index.js": {"path":"C:\\Users\\HP\\Web development\\Kay\\DoneWithIt\\app\\components\\forms\\index.js","statementMap":{},"fnMap":{},"branchMap":{},"s":{},"f":{},"b":{}}
,"C:\\Users\\HP\\Web development\\Kay\\DoneWithIt\\app\\components\\lists\\ListItem.js": {"path":"C:\\Users\\HP\\Web development\\Kay\\DoneWithIt\\app\\components\\lists\\ListItem.js","statementMap":{"0":{"start":{"line":10,"column":4},"end":{"line":34,"column":6}},"1":{"start":{"line":37,"column":15},"end":{"line":60,"column":2}}},"fnMap":{"0":{"name":"ListItem","decl":{"start":{"line":9,"column":9},"end":{"line":9,"column":17}},"loc":{"start":{"line":9,"column":90},"end":{"line":35,"column":1}},"line":9}},"branchMap":{"0":{"loc":{"start":{"line":15,"column":13},"end":{"line":15,"column":67}},"type":"binary-expr","locations":[{"start":{"line":15,"column":13},"end":{"line":15,"column":18}},{"start":{"line":15,"column":22},"end":{"line":15,"column":67}}],"line":15},"1":{"loc":{"start":{"line":20,"column":15},"end":{"line":24,"column":15}},"type":"binary-expr","locations":[{"start":{"line":20,"column":15},"end":{"line":20,"column":23}},{"start":{"line":21,"column":16},"end":{"line":23,"column":26}}],"line":20}},"s":{"0":0,"1":1},"f":{"0":0},"b":{"0":[0,0],"1":[0,0]},"_coverageSchema":"1a1c01bbd47fc00a2c39e90264f33305004495a9","hash":"13bc67d7388b060ddeeeb95283e1d504706fbc09"}
,"C:\\Users\\HP\\Web development\\Kay\\DoneWithIt\\app\\components\\lists\\ListItemDeleteAction.js": {"path":"C:\\Users\\HP\\Web development\\Kay\\DoneWithIt\\app\\components\\lists\\ListItemDeleteAction.js","statementMap":{"0":{"start":{"line":8,"column":4},"end":{"line":18,"column":6}},"1":{"start":{"line":22,"column":15},"end":{"line":30,"column":2}}},"fnMap":{"0":{"name":"ListItemDeleteAction","decl":{"start":{"line":7,"column":9},"end":{"line":7,"column":29}},"loc":{"start":{"line":7,"column":43},"end":{"line":19,"column":1}},"line":7}},"branchMap":{},"s":{"0":0,"1":1},"f":{"0":0},"b":{},"_coverageSchema":"1a1c01bbd47fc00a2c39e90264f33305004495a9","hash":"97b0bf048bb41befde9b07da33c7d435b1197045"}
,"C:\\Users\\HP\\Web development\\Kay\\DoneWithIt\\app\\components\\lists\\ListItemSeparator.js": {"path":"C:\\Users\\HP\\Web development\\Kay\\DoneWithIt\\app\\components\\lists\\ListItemSeparator.js","statementMap":{"0":{"start":{"line":6,"column":4},"end":{"line":6,"column":44}},"1":{"start":{"line":9,"column":15},"end":{"line":15,"column":2}}},"fnMap":{"0":{"name":"ListItemSeparator","decl":{"start":{"line":5,"column":9},"end":{"line":5,"column":26}},"loc":{"start":{"line":5,"column":29},"end":{"line":7,"column":1}},"line":5}},"branchMap":{},"s":{"0":0,"1":1},"f":{"0":0},"b":{},"_coverageSchema":"1a1c01bbd47fc00a2c39e90264f33305004495a9","hash":"51b92f879300c2c79fc2efa6a990293b77914c1c"}
,"C:\\Users\\HP\\Web development\\Kay\\DoneWithIt\\app\\config\\colors.js": {"path":"C:\\Users\\HP\\Web development\\Kay\\DoneWithIt\\app\\config\\colors.js","statementMap":{},"fnMap":{},"branchMap":{},"s":{},"f":{},"b":{},"_coverageSchema":"1a1c01bbd47fc00a2c39e90264f33305004495a9","hash":"e38d2bb6f872c9d3bc140c32b7f873977b11c769"}
,"C:\\Users\\HP\\Web development\\Kay\\DoneWithIt\\app\\config\\defaultStyles.js": {"path":"C:\\Users\\HP\\Web development\\Kay\\DoneWithIt\\app\\config\\defaultStyles.js","statementMap":{},"fnMap":{},"branchMap":{"0":{"loc":{"start":{"line":8,"column":16},"end":{"line":8,"column":63}},"type":"cond-expr","locations":[{"start":{"line":8,"column":44},"end":{"line":8,"column":52}},{"start":{"line":8,"column":55},"end":{"line":8,"column":63}}],"line":8}},"s":{},"f":{},"b":{"0":[0,1]},"_coverageSchema":"1a1c01bbd47fc00a2c39e90264f33305004495a9","hash":"dc64104cec5496a2c46c3bdac29f99d5e71fd597"}
,"C:\\Users\\HP\\Web development\\Kay\\DoneWithIt\\app\\config\\styles.js": {"path":"C:\\Users\\HP\\Web development\\Kay\\DoneWithIt\\app\\config\\styles.js","statementMap":{},"fnMap":{},"branchMap":{"0":{"loc":{"start":{"line":10,"column":17},"end":{"line":10,"column":64}},"type":"cond-expr","locations":[{"start":{"line":10,"column":45},"end":{"line":10,"column":53}},{"start":{"line":10,"column":56},"end":{"line":10,"column":64}}],"line":10}},"s":{},"f":{},"b":{"0":[0,1]},"_coverageSchema":"1a1c01bbd47fc00a2c39e90264f33305004495a9","hash":"fd8f623147aebd185431861fd8a04656cafa4429"}
,"C:\\Users\\HP\\Web development\\Kay\\DoneWithIt\\app\\hooks\\useApi.js": {"path":"C:\\Users\\HP\\Web development\\Kay\\DoneWithIt\\app\\hooks\\useApi.js","statementMap":{"0":{"start":{"line":4,"column":29},"end":{"line":4,"column":41}},"1":{"start":{"line":5,"column":31},"end":{"line":5,"column":46}},"2":{"start":{"line":6,"column":34},"end":{"line":6,"column":49}},"3":{"start":{"line":8,"column":21},"end":{"line":17,"column":6}},"4":{"start":{"line":9,"column":7},"end":{"line":9,"column":24}},"5":{"start":{"line":10,"column":24},"end":{"line":10,"column":39}},"6":{"start":{"line":11,"column":7},"end":{"line":11,"column":25}},"7":{"start":{"line":13,"column":7},"end":{"line":13,"column":47}},"8":{"start":{"line":13,"column":25},"end":{"line":13,"column":47}},"9":{"start":{"line":15,"column":7},"end":{"line":15,"column":23}},"10":{"start":{"line":16,"column":7},"end":{"line":16,"column":30}},"11":{"start":{"line":19,"column":4},"end":{"line":19,"column":43}}},"fnMap":{"0":{"name":"(anonymous_0)","decl":{"start":{"line":3,"column":24},"end":{"line":3,"column":25}},"loc":{"start":{"line":3,"column":37},"end":{"line":20,"column":1}},"line":3},"1":{"name":"(anonymous_1)","decl":{"start":{"line":8,"column":21},"end":{"line":8,"column":22}},"loc":{"start":{"line":8,"column":33},"end":{"line":17,"column":6}},"line":8}},"branchMap":{"0":{"loc":{"start":{"line":13,"column":7},"end":{"line":13,"column":47}},"type":"if","locations":[{"start":{"line":13,"column":7},"end":{"line":13,"column":47}},{"start":{"line":13,"column":7},"end":{"line":13,"column":47}}],"line":13}},"s":{"0":0,"1":0,"2":0,"3":0,"4":0,"5":0,"6":0,"7":0,"8":0,"9":0,"10":0,"11":0},"f":{"0":0,"1":0},"b":{"0":[0,0]},"_coverageSchema":"1a1c01bbd47fc00a2c39e90264f33305004495a9","hash":"eaec05358eddb770d95e4de9f66c1569b431f156"}
,"C:\\Users\\HP\\Web development\\Kay\\DoneWithIt\\app\\hooks\\useLocation.js": {"path":"C:\\Users\\HP\\Web development\\Kay\\DoneWithIt\\app\\hooks\\useLocation.js","statementMap":{"0":{"start":{"line":6,"column":36},"end":{"line":6,"column":46}},"1":{"start":{"line":8,"column":24},"end":{"line":20,"column":5}},"2":{"start":{"line":9,"column":8},"end":{"line":19,"column":9}},"3":{"start":{"line":11,"column":26},"end":{"line":11,"column":66}},"4":{"start":{"line":12,"column":6},"end":{"line":12,"column":27}},"5":{"start":{"line":12,"column":20},"end":{"line":12,"column":27}},"6":{"start":{"line":15,"column":10},"end":{"line":15,"column":52}},"7":{"start":{"line":16,"column":6},"end":{"line":16,"column":43}},"8":{"start":{"line":18,"column":12},"end":{"line":18,"column":30}},"9":{"start":{"line":22,"column":4},"end":{"line":24,"column":11}},"10":{"start":{"line":23,"column":6},"end":{"line":23,"column":20}},"11":{"start":{"line":26,"column":4},"end":{"line":26,"column":20}}},"fnMap":{"0":{"name":"(anonymous_0)","decl":{"start":{"line":5,"column":29},"end":{"line":5,"column":30}},"loc":{"start":{"line":5,"column":35},"end":{"line":27,"column":2}},"line":5},"1":{"name":"(anonymous_1)","decl":{"start":{"line":8,"column":24},"end":{"line":8,"column":25}},"loc":{"start":{"line":8,"column":36},"end":{"line":20,"column":5}},"line":8},"2":{"name":"(anonymous_2)","decl":{"start":{"line":22,"column":14},"end":{"line":22,"column":15}},"loc":{"start":{"line":22,"column":20},"end":{"line":24,"column":5}},"line":22}},"branchMap":{"0":{"loc":{"start":{"line":12,"column":6},"end":{"line":12,"column":27}},"type":"if","locations":[{"start":{"line":12,"column":6},"end":{"line":12,"column":27}},{"start":{"line":12,"column":6},"end":{"line":12,"column":27}}],"line":12}},"s":{"0":0,"1":0,"2":0,"3":0,"4":0,"5":0,"6":0,"7":0,"8":0,"9":0,"10":0,"11":0},"f":{"0":0,"1":0,"2":0},"b":{"0":[0,0]},"_coverageSchema":"1a1c01bbd47fc00a2c39e90264f33305004495a9","hash":"0fdbba33aad045cf2a0fb752c922ed238e91e489"}
,"C:\\Users\\HP\\Web development\\Kay\\DoneWithIt\\app\\navigation\\AccountNavigator.js": {"path":"C:\\Users\\HP\\Web development\\Kay\\DoneWithIt\\app\\navigation\\AccountNavigator.js","statementMap":{"0":{"start":{"line":7,"column":14},"end":{"line":7,"column":36}},"1":{"start":{"line":9,"column":25},"end":{"line":15,"column":1}},"2":{"start":{"line":10,"column":2},"end":{"line":14,"column":20}}},"fnMap":{"0":{"name":"(anonymous_0)","decl":{"start":{"line":9,"column":25},"end":{"line":9,"column":26}},"loc":{"start":{"line":10,"column":2},"end":{"line":14,"column":20}},"line":10}},"branchMap":{},"s":{"0":1,"1":1,"2":0},"f":{"0":0},"b":{},"_coverageSchema":"1a1c01bbd47fc00a2c39e90264f33305004495a9","hash":"b428a98650bc995b45bacacd653d8e5ccc30850a"}
,"C:\\Users\\HP\\Web development\\Kay\\DoneWithIt\\app\\navigation\\AppNavigator.js": {"path":"C:\\Users\\HP\\Web development\\Kay\\DoneWithIt\\app\\navigation\\AppNavigator.js","statementMap":{"0":{"start":{"line":11,"column":12},"end":{"line":11,"column":38}},"1":{"start":{"line":13,"column":21},"end":{"line":45,"column":1}},"2":{"start":{"line":14,"column":2},"end":{"line":44,"column":18}},"3":{"start":{"line":20,"column":10},"end":{"line":20,"column":74}},"4":{"start":{"line":27,"column":42},"end":{"line":33,"column":7}},"5":{"start":{"line":29,"column":12},"end":{"line":29,"column":83}},"6":{"start":{"line":29,"column":45},"end":{"line":29,"column":79}},"7":{"start":{"line":31,"column":10},"end":{"line":31,"column":81}},"8":{"start":{"line":40,"column":10},"end":{"line":40,"column":77}}},"fnMap":{"0":{"name":"(anonymous_0)","decl":{"start":{"line":13,"column":21},"end":{"line":13,"column":22}},"loc":{"start":{"line":14,"column":2},"end":{"line":44,"column":18}},"line":14},"1":{"name":"(anonymous_1)","decl":{"start":{"line":19,"column":20},"end":{"line":19,"column":21}},"loc":{"start":{"line":20,"column":10},"end":{"line":20,"column":74}},"line":20},"2":{"name":"(anonymous_2)","decl":{"start":{"line":27,"column":21},"end":{"line":27,"column":22}},"loc":{"start":{"line":27,"column":42},"end":{"line":33,"column":7}},"line":27},"3":{"name":"(anonymous_3)","decl":{"start":{"line":28,"column":24},"end":{"line":28,"column":25}},"loc":{"start":{"line":29,"column":12},"end":{"line":29,"column":83}},"line":29},"4":{"name":"(anonymous_4)","decl":{"start":{"line":29,"column":39},"end":{"line":29,"column":40}},"loc":{"start":{"line":29,"column":45},"end":{"line":29,"column":79}},"line":29},"5":{"name":"(anonymous_5)","decl":{"start":{"line":30,"column":20},"end":{"line":30,"column":21}},"loc":{"start":{"line":31,"column":10},"end":{"line":31,"column":81}},"line":31},"6":{"name":"(anonymous_6)","decl":{"start":{"line":39,"column":20},"end":{"line":39,"column":21}},"loc":{"start":{"line":40,"column":10},"end":{"line":40,"column":77}},"line":40}},"branchMap":{},"s":{"0":1,"1":1,"2":0,"3":0,"4":0,"5":0,"6":0,"7":0,"8":0},"f":{"0":0,"1":0,"2":0,"3":0,"4":0,"5":0,"6":0},"b":{},"_coverageSchema":"1a1c01bbd47fc00a2c39e90264f33305004495a9","hash":"066c4565664aa50d28319a7fdf7590cff1013565"}
,"C:\\Users\\HP\\Web development\\Kay\\DoneWithIt\\app\\navigation\\AuthNavigator.js": {"path":"C:\\Users\\HP\\Web development\\Kay\\DoneWithIt\\app\\navigation\\AuthNavigator.js","statementMap":{"0":{"start":{"line":9,"column":14},"end":{"line":9,"column":36}},"1":{"start":{"line":11,"column":22},"end":{"line":29,"column":1}},"2":{"start":{"line":12,"column":2},"end":{"line":28,"column":20}}},"fnMap":{"0":{"name":"(anonymous_0)","decl":{"start":{"line":11,"column":22},"end":{"line":11,"column":23}},"loc":{"start":{"line":12,"column":2},"end":{"line":28,"column":20}},"line":12}},"branchMap":{},"s":{"0":0,"1":0,"2":0},"f":{"0":0},"b":{}}
,"C:\\Users\\HP\\Web development\\Kay\\DoneWithIt\\app\\navigation\\FeedNavigator.js": {"path":"C:\\Users\\HP\\Web development\\Kay\\DoneWithIt\\app\\navigation\\FeedNavigator.js","statementMap":{"0":{"start":{"line":8,"column":14},"end":{"line":8,"column":36}},"1":{"start":{"line":10,"column":22},"end":{"line":15,"column":1}},"2":{"start":{"line":11,"column":2},"end":{"line":14,"column":20}}},"fnMap":{"0":{"name":"(anonymous_0)","decl":{"start":{"line":10,"column":22},"end":{"line":10,"column":23}},"loc":{"start":{"line":11,"column":2},"end":{"line":14,"column":20}},"line":11}},"branchMap":{},"s":{"0":1,"1":1,"2":0},"f":{"0":0},"b":{},"_coverageSchema":"1a1c01bbd47fc00a2c39e90264f33305004495a9","hash":"8cb0bf11d23b50d58d5ef86a1a38b111075e6af1"}
,"C:\\Users\\HP\\Web development\\Kay\\DoneWithIt\\app\\navigation\\NewListingButton.js": {"path":"C:\\Users\\HP\\Web development\\Kay\\DoneWithIt\\app\\navigation\\NewListingButton.js","statementMap":{"0":{"start":{"line":8,"column":4},"end":{"line":18,"column":6}},"1":{"start":{"line":21,"column":16},"end":{"line":34,"column":2}}},"fnMap":{"0":{"name":"NewListingButton","decl":{"start":{"line":7,"column":9},"end":{"line":7,"column":25}},"loc":{"start":{"line":7,"column":39},"end":{"line":19,"column":1}},"line":7}},"branchMap":{},"s":{"0":0,"1":1},"f":{"0":0},"b":{},"_coverageSchema":"1a1c01bbd47fc00a2c39e90264f33305004495a9","hash":"3d4303b1391614364589ee09ac0135d2b723a47d"}
,"C:\\Users\\HP\\Web development\\Kay\\DoneWithIt\\app\\navigation\\navigationTheme.js": {"path":"C:\\Users\\HP\\Web development\\Kay\\DoneWithIt\\app\\navigation\\navigationTheme.js","statementMap":{},"fnMap":{},"branchMap":{},"s":{},"f":{},"b":{},"_coverageSchema":"1a1c01bbd47fc00a2c39e90264f33305004495a9","hash":"76009fd40370298845340fc6e79719129c698307"}
,"C:\\Users\\HP\\Web development\\Kay\\DoneWithIt\\app\\navigation\\routes.js": {"path":"C:\\Users\\HP\\Web development\\Kay\\DoneWithIt\\app\\navigation\\routes.js","statementMap":{},"fnMap":{},"branchMap":{},"s":{},"f":{},"b":{},"_coverageSchema":"1a1c01bbd47fc00a2c39e90264f33305004495a9","hash":"960146c610bcb9f69b9d0d30c1194dd6434c85cc"}
,"C:\\Users\\HP\\Web development\\Kay\\DoneWithIt\\app\\screens\\AccountScreen.js": {"path":"C:\\Users\\HP\\Web development\\Kay\\DoneWithIt\\app\\screens\\AccountScreen.js","statementMap":{"0":{"start":{"line":10,"column":18},"end":{"line":27,"column":1}},"1":{"start":{"line":30,"column":4},"end":{"line":69,"column":5}},"2":{"start":{"line":42,"column":38},"end":{"line":42,"column":52}},"3":{"start":{"line":45,"column":16},"end":{"line":54,"column":17}},"4":{"start":{"line":53,"column":31},"end":{"line":53,"column":69}},"5":{"start":{"line":56,"column":27},"end":{"line":56,"column":65}},"6":{"start":{"line":72,"column":15},"end":{"line":79,"column":2}}},"fnMap":{"0":{"name":"AccountScreen","decl":{"start":{"line":29,"column":9},"end":{"line":29,"column":22}},"loc":{"start":{"line":29,"column":39},"end":{"line":70,"column":1}},"line":29},"1":{"name":"(anonymous_1)","decl":{"start":{"line":42,"column":26},"end":{"line":42,"column":27}},"loc":{"start":{"line":42,"column":38},"end":{"line":42,"column":52}},"line":42},"2":{"name":"(anonymous_2)","decl":{"start":{"line":44,"column":24},"end":{"line":44,"column":25}},"loc":{"start":{"line":45,"column":16},"end":{"line":54,"column":17}},"line":45},"3":{"name":"(anonymous_3)","decl":{"start":{"line":53,"column":25},"end":{"line":53,"column":26}},"loc":{"start":{"line":53,"column":31},"end":{"line":53,"column":69}},"line":53},"4":{"name":"(anonymous_4)","decl":{"start":{"line":56,"column":21},"end":{"line":56,"column":22}},"loc":{"start":{"line":56,"column":27},"end":{"line":56,"column":65}},"line":56}},"branchMap":{},"s":{"0":1,"1":0,"2":0,"3":0,"4":0,"5":0,"6":1},"f":{"0":0,"1":0,"2":0,"3":0,"4":0},"b":{},"_coverageSchema":"1a1c01bbd47fc00a2c39e90264f33305004495a9","hash":"0de66aeb9aae140e197e03646fca77c7bc61fed9"}
,"C:\\Users\\HP\\Web development\\Kay\\DoneWithIt\\app\\screens\\ListingDetailsScreen.js": {"path":"C:\\Users\\HP\\Web development\\Kay\\DoneWithIt\\app\\screens\\ListingDetailsScreen.js","statementMap":{"0":{"start":{"line":9,"column":18},"end":{"line":9,"column":30}},"1":{"start":{"line":11,"column":4},"end":{"line":26,"column":6}},"2":{"start":{"line":29,"column":15},"end":{"line":51,"column":2}}},"fnMap":{"0":{"name":"ListingDetailsScreen","decl":{"start":{"line":8,"column":9},"end":{"line":8,"column":29}},"loc":{"start":{"line":8,"column":41},"end":{"line":27,"column":1}},"line":8}},"branchMap":{},"s":{"0":0,"1":0,"2":1},"f":{"0":0},"b":{},"_coverageSchema":"1a1c01bbd47fc00a2c39e90264f33305004495a9","hash":"aa0cb6f9a7b820ca0417b2d8e4b8d411ec684656"}
,"C:\\Users\\HP\\Web development\\Kay\\DoneWithIt\\app\\screens\\ListingEditScreen.js": {"path":"C:\\Users\\HP\\Web development\\Kay\\DoneWithIt\\app\\screens\\ListingEditScreen.js","statementMap":{"0":{"start":{"line":16,"column":25},"end":{"line":22,"column":2}},"1":{"start":{"line":24,"column":19},"end":{"line":79,"column":1}},"2":{"start":{"line":82,"column":19},"end":{"line":82,"column":32}},"3":{"start":{"line":84,"column":2},"end":{"line":126,"column":4}},"4":{"start":{"line":96,"column":30},"end":{"line":96,"column":51}},"5":{"start":{"line":129,"column":15},"end":{"line":140,"column":2}}},"fnMap":{"0":{"name":"ListingEditScreen","decl":{"start":{"line":81,"column":9},"end":{"line":81,"column":26}},"loc":{"start":{"line":81,"column":29},"end":{"line":127,"column":1}},"line":81},"1":{"name":"(anonymous_1)","decl":{"start":{"line":96,"column":18},"end":{"line":96,"column":19}},"loc":{"start":{"line":96,"column":30},"end":{"line":96,"column":51}},"line":96}},"branchMap":{},"s":{"0":1,"1":1,"2":0,"3":0,"4":0,"5":1},"f":{"0":0,"1":0},"b":{},"_coverageSchema":"1a1c01bbd47fc00a2c39e90264f33305004495a9","hash":"db16af56a3162536b3b831118a44424396568cf2"}
,"C:\\Users\\HP\\Web development\\Kay\\DoneWithIt\\app\\screens\\ListingsScreen.js": {"path":"C:\\Users\\HP\\Web development\\Kay\\DoneWithIt\\app\\screens\\ListingsScreen.js","statementMap":{"0":{"start":{"line":15,"column":68},"end":{"line":15,"column":99}},"1":{"start":{"line":17,"column":2},"end":{"line":19,"column":9}},"2":{"start":{"line":18,"column":4},"end":{"line":18,"column":19}},"3":{"start":{"line":23,"column":4},"end":{"line":45,"column":5}},"4":{"start":{"line":34,"column":33},"end":{"line":34,"column":54}},"5":{"start":{"line":36,"column":12},"end":{"line":41,"column":14}},"6":{"start":{"line":40,"column":27},"end":{"line":40,"column":76}},"7":{"start":{"line":48,"column":15},"end":{"line":54,"column":2}}},"fnMap":{"0":{"name":"ListingsScreen","decl":{"start":{"line":14,"column":9},"end":{"line":14,"column":23}},"loc":{"start":{"line":14,"column":40},"end":{"line":46,"column":1}},"line":14},"1":{"name":"(anonymous_1)","decl":{"start":{"line":17,"column":12},"end":{"line":17,"column":13}},"loc":{"start":{"line":17,"column":18},"end":{"line":19,"column":3}},"line":17},"2":{"name":"(anonymous_2)","decl":{"start":{"line":34,"column":22},"end":{"line":34,"column":23}},"loc":{"start":{"line":34,"column":33},"end":{"line":34,"column":54}},"line":34},"3":{"name":"(anonymous_3)","decl":{"start":{"line":35,"column":20},"end":{"line":35,"column":21}},"loc":{"start":{"line":36,"column":12},"end":{"line":41,"column":14}},"line":36},"4":{"name":"(anonymous_4)","decl":{"start":{"line":40,"column":21},"end":{"line":40,"column":22}},"loc":{"start":{"line":40,"column":27},"end":{"line":40,"column":76}},"line":40}},"branchMap":{"0":{"loc":{"start":{"line":25,"column":9},"end":{"line":30,"column":9}},"type":"binary-expr","locations":[{"start":{"line":25,"column":9},"end":{"line":25,"column":14}},{"start":{"line":26,"column":10},"end":{"line":29,"column":13}}],"line":25}},"s":{"0":0,"1":0,"2":0,"3":0,"4":0,"5":0,"6":0,"7":1},"f":{"0":0,"1":0,"2":0,"3":0,"4":0},"b":{"0":[0,0]},"_coverageSchema":"1a1c01bbd47fc00a2c39e90264f33305004495a9","hash":"db75d81931c90d1244e83f59e854dfec4cee7da1"}
,"C:\\Users\\HP\\Web development\\Kay\\DoneWithIt\\app\\screens\\LoginScreen.js": {"path":"C:\\Users\\HP\\Web development\\Kay\\DoneWithIt\\app\\screens\\LoginScreen.js","statementMap":{"0":{"start":{"line":12,"column":25},"end":{"line":15,"column":2}},"1":{"start":{"line":18,"column":4},"end":{"line":49,"column":6}},"2":{"start":{"line":24,"column":32},"end":{"line":24,"column":51}},"3":{"start":{"line":52,"column":15},"end":{"line":63,"column":2}}},"fnMap":{"0":{"name":"LoginScreen","decl":{"start":{"line":17,"column":9},"end":{"line":17,"column":20}},"loc":{"start":{"line":17,"column":23},"end":{"line":50,"column":1}},"line":17},"1":{"name":"(anonymous_1)","decl":{"start":{"line":24,"column":20},"end":{"line":24,"column":21}},"loc":{"start":{"line":24,"column":32},"end":{"line":24,"column":51}},"line":24}},"branchMap":{},"s":{"0":0,"1":0,"2":0,"3":0},"f":{"0":0,"1":0},"b":{}}
,"C:\\Users\\HP\\Web development\\Kay\\DoneWithIt\\app\\screens\\MessagesScreen.js": {"path":"C:\\Users\\HP\\Web development\\Kay\\DoneWithIt\\app\\screens\\MessagesScreen.js","statementMap":{"0":{"start":{"line":9,"column":24},"end":{"line":22,"column":1}},"1":{"start":{"line":25,"column":34},"end":{"line":25,"column":59}},"2":{"start":{"line":26,"column":39},"end":{"line":26,"column":54}},"3":{"start":{"line":28,"column":23},"end":{"line":31,"column":3}},"4":{"start":{"line":30,"column":4},"end":{"line":30,"column":61}},"5":{"start":{"line":30,"column":39},"end":{"line":30,"column":58}},"6":{"start":{"line":32,"column":4},"end":{"line":64,"column":6}},"7":{"start":{"line":38,"column":37},"end":{"line":38,"column":58}},"8":{"start":{"line":40,"column":12},"end":{"line":48,"column":14}},"9":{"start":{"line":44,"column":29},"end":{"line":44,"column":66}},"10":{"start":{"line":46,"column":16},"end":{"line":46,"column":75}},"11":{"start":{"line":46,"column":53},"end":{"line":46,"column":71}},"12":{"start":{"line":53,"column":12},"end":{"line":60,"column":15}},"13":{"start":{"line":67,"column":15},"end":{"line":78,"column":2}}},"fnMap":{"0":{"name":"MessagesScreen","decl":{"start":{"line":24,"column":9},"end":{"line":24,"column":23}},"loc":{"start":{"line":24,"column":31},"end":{"line":65,"column":1}},"line":24},"1":{"name":"(anonymous_1)","decl":{"start":{"line":28,"column":23},"end":{"line":28,"column":24}},"loc":{"start":{"line":28,"column":34},"end":{"line":31,"column":3}},"line":28},"2":{"name":"(anonymous_2)","decl":{"start":{"line":30,"column":32},"end":{"line":30,"column":33}},"loc":{"start":{"line":30,"column":39},"end":{"line":30,"column":58}},"line":30},"3":{"name":"(anonymous_3)","decl":{"start":{"line":38,"column":24},"end":{"line":38,"column":25}},"loc":{"start":{"line":38,"column":37},"end":{"line":38,"column":58}},"line":38},"4":{"name":"(anonymous_4)","decl":{"start":{"line":39,"column":22},"end":{"line":39,"column":23}},"loc":{"start":{"line":40,"column":12},"end":{"line":48,"column":14}},"line":40},"5":{"name":"(anonymous_5)","decl":{"start":{"line":44,"column":23},"end":{"line":44,"column":24}},"loc":{"start":{"line":44,"column":29},"end":{"line":44,"column":66}},"line":44},"6":{"name":"(anonymous_6)","decl":{"start":{"line":45,"column":34},"end":{"line":45,"column":35}},"loc":{"start":{"line":46,"column":16},"end":{"line":46,"column":75}},"line":46},"7":{"name":"(anonymous_7)","decl":{"start":{"line":46,"column":47},"end":{"line":46,"column":48}},"loc":{"start":{"line":46,"column":53},"end":{"line":46,"column":71}},"line":46},"8":{"name":"(anonymous_8)","decl":{"start":{"line":52,"column":21},"end":{"line":52,"column":22}},"loc":{"start":{"line":52,"column":27},"end":{"line":61,"column":11}},"line":52}},"branchMap":{},"s":{"0":1,"1":0,"2":0,"3":0,"4":0,"5":0,"6":0,"7":0,"8":0,"9":0,"10":0,"11":0,"12":0,"13":1},"f":{"0":0,"1":0,"2":0,"3":0,"4":0,"5":0,"6":0,"7":0,"8":0},"b":{},"_coverageSchema":"1a1c01bbd47fc00a2c39e90264f33305004495a9","hash":"dab6c2660b30e3800903e3f329ea1a27bcbe5753"}
,"C:\\Users\\HP\\Web development\\Kay\\DoneWithIt\\app\\screens\\RegisterScreen.js": {"path":"C:\\Users\\HP\\Web development\\Kay\\DoneWithIt\\app\\screens\\RegisterScreen.js","statementMap":{"0":{"start":{"line":12,"column":25},"end":{"line":16,"column":2}},"1":{"start":{"line":19,"column":2},"end":{"line":55,"column":4}},"2":{"start":{"line":25,"column":30},"end":{"line":25,"column":49}},"3":{"start":{"line":58,"column":15},"end":{"line":69,"column":2}}},"fnMap":{"0":{"name":"RegisterScreen","decl":{"start":{"line":18,"column":9},"end":{"line":18,"column":23}},"loc":{"start":{"line":18,"column":26},"end":{"line":56,"column":1}},"line":18},"1":{"name":"(anonymous_1)","decl":{"start":{"line":25,"column":18},"end":{"line":25,"column":19}},"loc":{"start":{"line":25,"column":30},"end":{"line":25,"column":49}},"line":25}},"branchMap":{},"s":{"0":0,"1":0,"2":0,"3":0},"f":{"0":0,"1":0},"b":{}}
,"C:\\Users\\HP\\Web development\\Kay\\DoneWithIt\\app\\screens\\ViewImageScreen.js": {"path":"C:\\Users\\HP\\Web development\\Kay\\DoneWithIt\\app\\screens\\ViewImageScreen.js","statementMap":{"0":{"start":{"line":7,"column":24},"end":{"line":23,"column":1}},"1":{"start":{"line":8,"column":4},"end":{"line":22,"column":6}},"2":{"start":{"line":27,"column":15},"end":{"line":47,"column":2}}},"fnMap":{"0":{"name":"(anonymous_0)","decl":{"start":{"line":7,"column":24},"end":{"line":7,"column":25}},"loc":{"start":{"line":7,"column":30},"end":{"line":23,"column":1}},"line":7}},"branchMap":{},"s":{"0":0,"1":0,"2":0},"f":{"0":0},"b":{}}
,"C:\\Users\\HP\\Web development\\Kay\\DoneWithIt\\app\\screens\\WelcomeScreen.js": {"path":"C:\\Users\\HP\\Web development\\Kay\\DoneWithIt\\app\\screens\\WelcomeScreen.js","statementMap":{"0":{"start":{"line":6,"column":22},"end":{"line":33,"column":1}},"1":{"start":{"line":7,"column":4},"end":{"line":32,"column":6}},"2":{"start":{"line":23,"column":27},"end":{"line":23,"column":60}},"3":{"start":{"line":28,"column":27},"end":{"line":28,"column":63}},"4":{"start":{"line":37,"column":15},"end":{"line":61,"column":2}}},"fnMap":{"0":{"name":"(anonymous_0)","decl":{"start":{"line":6,"column":22},"end":{"line":6,"column":23}},"loc":{"start":{"line":6,"column":42},"end":{"line":33,"column":1}},"line":6},"1":{"name":"(anonymous_1)","decl":{"start":{"line":23,"column":21},"end":{"line":23,"column":22}},"loc":{"start":{"line":23,"column":27},"end":{"line":23,"column":60}},"line":23},"2":{"name":"(anonymous_2)","decl":{"start":{"line":28,"column":21},"end":{"line":28,"column":22}},"loc":{"start":{"line":28,"column":27},"end":{"line":28,"column":63}},"line":28}},"branchMap":{},"s":{"0":0,"1":0,"2":0,"3":0,"4":0},"f":{"0":0,"1":0,"2":0},"b":{}}
}
