TN:
SF:App.js
FN:7,App
FNF:1
FNH:1
FNDA:1,App
DA:8,1
LF:1
LH:1
BRF:0
BRH:0
end_of_record
TN:
SF:app\api\client.js
FNF:0
FNH:0
DA:3,1
LF:1
LH:1
BRF:0
BRH:0
end_of_record
TN:
SF:app\api\listings.js
FN:5,(anonymous_0)
FNF:1
FNH:0
FNDA:0,(anonymous_0)
DA:3,1
DA:5,1
LF:2
LH:2
BRF:0
BRH:0
end_of_record
TN:
SF:app\components\ActivityIndicator.js
FN:5,ActivityIndicator
FNF:1
FNH:0
FNDA:0,ActivityIndicator
DA:6,0
DA:8,0
LF:2
LH:0
BRDA:5,0,0,0
BRDA:6,1,0,0
BRDA:6,1,1,0
BRF:3
BRH:0
end_of_record
TN:
SF:app\components\AppButton.js
FN:6,AppButton
FNF:1
FNH:1
FNDA:1,AppButton
DA:7,1
DA:14,2
LF:2
LH:2
BRDA:6,0,0,1
BRF:1
BRH:1
end_of_record
TN:
SF:app\components\AppPicker.js
FN:12,AppPicker
FN:17,(anonymous_1)
FN:43,(anonymous_2)
FN:46,(anonymous_3)
FN:48,(anonymous_4)
FN:52,(anonymous_5)
FNF:6
FNH:0
FNDA:0,AppPicker
FNDA:0,(anonymous_1)
FNDA:0,(anonymous_2)
FNDA:0,(anonymous_3)
FNDA:0,(anonymous_4)
FNDA:0,(anonymous_5)
DA:13,0
DA:15,0
DA:17,0
DA:43,0
DA:46,0
DA:49,0
DA:53,0
DA:54,0
DA:65,1
LF:9
LH:1
BRDA:12,0,0,0
BRDA:12,1,0,0
BRDA:19,2,0,0
BRDA:19,2,1,0
BRDA:27,3,0,0
BRDA:27,3,1,0
BRF:6
BRH:0
end_of_record
TN:
SF:app\components\AppText.js
FN:7,AppText
FNF:1
FNH:0
FNDA:0,AppText
DA:8,0
LF:1
LH:0
BRF:0
BRH:0
end_of_record
TN:
SF:app\components\AppTextInput.js
FN:8,AppTextInput
FNF:1
FNH:0
FNDA:0,AppTextInput
DA:9,0
DA:19,1
LF:2
LH:1
BRDA:11,0,0,0
BRDA:11,0,1,0
BRF:2
BRH:0
end_of_record
TN:
SF:app\components\Button.js
FN:6,AppButton
FNF:1
FNH:0
FNDA:0,AppButton
DA:7,0
DA:17,0
LF:2
LH:0
BRDA:6,0,0,0
BRF:1
BRH:0
end_of_record
TN:
SF:app\components\Card.js
FN:7,Card
FNF:1
FNH:0
FNDA:0,Card
DA:8,0
DA:21,1
LF:2
LH:1
BRF:0
BRH:0
end_of_record
TN:
SF:app\components\Icon.js
FN:5,Icon
FNF:1
FNH:0
FNDA:0,Icon
DA:11,0
LF:1
LH:0
BRDA:7,0,0,0
BRDA:8,1,0,0
BRDA:9,2,0,0
BRF:3
BRH:0
end_of_record
TN:
SF:app\components\ImageInput.js
FN:8,ImageInput
FN:9,(anonymous_1)
FN:14,(anonymous_2)
FN:23,(anonymous_3)
FN:26,(anonymous_4)
FN:31,(anonymous_5)
FNF:6
FNH:0
FNDA:0,ImageInput
FNDA:0,(anonymous_1)
FNDA:0,(anonymous_2)
FNDA:0,(anonymous_3)
FNDA:0,(anonymous_4)
FNDA:0,(anonymous_5)
DA:9,0
DA:10,0
DA:14,0
DA:17,0
DA:18,0
DA:19,0
DA:23,0
DA:24,0
DA:25,0
DA:26,0
DA:31,0
DA:32,0
DA:33,0
DA:37,0
DA:39,0
DA:43,0
DA:53,1
LF:17
LH:1
BRDA:18,0,0,0
BRDA:18,0,1,0
BRDA:24,1,0,0
BRDA:24,1,1,0
BRDA:37,2,0,0
BRDA:37,2,1,0
BRDA:46,3,0,0
BRDA:46,3,1,0
BRDA:47,4,0,0
BRDA:47,4,1,0
BRF:10
BRH:0
end_of_record
TN:
SF:app\components\ImageInputList.js
FN:5,ImageInputList
FN:13,(anonymous_1)
FN:16,(anonymous_2)
FN:20,(anonymous_3)
FN:24,(anonymous_4)
FNF:5
FNH:0
FNDA:0,ImageInputList
FNDA:0,(anonymous_1)
FNDA:0,(anonymous_2)
FNDA:0,(anonymous_3)
FNDA:0,(anonymous_4)
DA:6,0
DA:8,0
DA:13,0
DA:17,0
DA:20,0
DA:24,0
DA:31,1
LF:7
LH:1
BRDA:5,0,0,0
BRF:1
BRH:0
end_of_record
TN:
SF:app\components\Screen.js
FN:5,Screen
FNF:1
FNH:0
FNDA:0,Screen
DA:6,0
DA:13,1
LF:2
LH:1
BRF:0
BRH:0
end_of_record
TN:
SF:app\components\Test.js
FN:4,Test
FNF:1
FNH:0
FNDA:0,Test
DA:5,0
DA:10,0
LF:2
LH:0
BRF:0
BRH:0
end_of_record
TN:
SF:app\components\Text.js
FN:5,AppText
FNF:1
FNH:0
FNDA:0,AppText
DA:6,0
LF:1
LH:0
BRF:0
BRH:0
end_of_record
TN:
SF:app\components\TextInput.js
FN:7,AppTextInput
FNF:1
FNH:0
FNDA:0,AppTextInput
DA:8,0
DA:27,0
LF:2
LH:0
BRDA:7,0,0,0
BRDA:10,1,0,0
BRDA:10,1,1,0
BRF:3
BRH:0
end_of_record
TN:
SF:app\components\Picker\CategoryPickerItem.js
FN:7,(anonymous_0)
FNF:1
FNH:0
FNDA:0,(anonymous_0)
DA:7,1
DA:8,0
DA:24,1
LF:3
LH:2
BRF:0
BRH:0
end_of_record
TN:
SF:app\components\Picker\Picker.js
FN:17,(anonymous_0)
FN:31,(anonymous_1)
FN:56,(anonymous_2)
FN:59,(anonymous_3)
FN:61,(anonymous_4)
FN:64,(anonymous_5)
FNF:6
FNH:0
FNDA:0,(anonymous_0)
FNDA:0,(anonymous_1)
FNDA:0,(anonymous_2)
FNDA:0,(anonymous_3)
FNDA:0,(anonymous_4)
FNDA:0,(anonymous_5)
DA:17,0
DA:27,0
DA:29,0
DA:31,0
DA:56,0
DA:59,0
DA:62,0
DA:65,0
DA:66,0
DA:79,0
LF:10
LH:0
BRDA:20,0,0,0
BRDA:22,1,0,0
BRDA:25,2,0,0
BRDA:33,3,0,0
BRDA:33,3,1,0
BRDA:41,4,0,0
BRDA:41,4,1,0
BRF:7
BRH:0
end_of_record
TN:
SF:app\components\Picker\PickerItem.js
FN:5,PickerItem
FNF:1
FNH:0
FNDA:0,PickerItem
DA:6,0
DA:13,1
LF:2
LH:1
BRF:0
BRH:0
end_of_record
TN:
SF:app\components\forms\AppForm.js
FN:4,AppForm
FN:11,(anonymous_1)
FNF:2
FNH:0
FNDA:0,AppForm
FNDA:0,(anonymous_1)
DA:5,0
DA:12,0
LF:2
LH:0
BRF:0
BRH:0
end_of_record
TN:
SF:app\components\forms\AppFormField.js
FN:7,AppFormField
FN:13,(anonymous_1)
FNF:2
FNH:0
FNDA:0,AppFormField
FNDA:0,(anonymous_1)
DA:8,0
DA:10,0
DA:13,0
LF:3
LH:0
BRF:0
BRH:0
end_of_record
TN:
SF:app\components\forms\AppFormPicker.js
FN:7,AppFormPicker
FN:15,(anonymous_1)
FNF:2
FNH:0
FNDA:0,AppFormPicker
FNDA:0,(anonymous_1)
DA:8,0
DA:10,0
DA:15,0
LF:3
LH:0
BRF:0
BRH:0
end_of_record
TN:
SF:app\components\forms\ErrorMessage.js
FN:6,ErrorMessage
FNF:1
FNH:0
FNDA:0,ErrorMessage
DA:7,0
DA:9,0
DA:14,1
LF:3
LH:1
BRDA:7,0,0,0
BRDA:7,0,1,0
BRDA:7,1,0,0
BRDA:7,1,1,0
BRF:4
BRH:0
end_of_record
TN:
SF:app\components\forms\Form.js
FN:4,AppForm
FN:11,(anonymous_1)
FNF:2
FNH:0
FNDA:0,AppForm
FNDA:0,(anonymous_1)
DA:5,0
DA:11,0
LF:2
LH:0
BRF:0
BRH:0
end_of_record
TN:
SF:app\components\forms\FormField.js
FN:7,AppFormField
FN:13,(anonymous_1)
FNF:2
FNH:0
FNDA:0,AppFormField
FNDA:0,(anonymous_1)
DA:8,0
DA:10,0
DA:13,0
LF:3
LH:0
BRF:0
BRH:0
end_of_record
TN:
SF:app\components\forms\FormImagePicker.js
FN:8,FormImagePicker
FN:12,(anonymous_1)
FN:16,(anonymous_2)
FN:17,(anonymous_3)
FNF:4
FNH:0
FNDA:0,FormImagePicker
FNDA:0,(anonymous_1)
FNDA:0,(anonymous_2)
FNDA:0,(anonymous_3)
DA:9,0
DA:10,0
DA:12,0
DA:13,0
DA:16,0
DA:17,0
DA:20,0
LF:7
LH:0
BRF:0
BRH:0
end_of_record
TN:
SF:app\components\forms\FormPicker.js
FN:7,AppFormPicker
FN:22,(anonymous_1)
FNF:2
FNH:0
FNDA:0,AppFormPicker
FNDA:0,(anonymous_1)
DA:15,0
DA:17,0
DA:22,0
LF:3
LH:0
BRF:0
BRH:0
end_of_record
TN:
SF:app\components\forms\SubmitButton.js
FN:6,SubmitButton
FNF:1
FNH:0
FNDA:0,SubmitButton
DA:7,0
DA:8,0
LF:2
LH:0
BRF:0
BRH:0
end_of_record
TN:
SF:app\components\forms\index.js
FNF:0
FNH:0
LF:0
LH:0
BRF:0
BRH:0
end_of_record
TN:
SF:app\components\lists\ListItem.js
FN:9,ListItem
FNF:1
FNH:0
FNDA:0,ListItem
DA:10,0
DA:37,1
LF:2
LH:1
BRDA:15,0,0,0
BRDA:15,0,1,0
BRDA:20,1,0,0
BRDA:20,1,1,0
BRF:4
BRH:0
end_of_record
TN:
SF:app\components\lists\ListItemDeleteAction.js
FN:7,ListItemDeleteAction
FNF:1
FNH:0
FNDA:0,ListItemDeleteAction
DA:8,0
DA:22,1
LF:2
LH:1
BRF:0
BRH:0
end_of_record
TN:
SF:app\components\lists\ListItemSeparator.js
FN:5,ListItemSeparator
FNF:1
FNH:0
FNDA:0,ListItemSeparator
DA:6,0
DA:9,1
LF:2
LH:1
BRF:0
BRH:0
end_of_record
TN:
SF:app\config\colors.js
FNF:0
FNH:0
LF:0
LH:0
BRF:0
BRH:0
end_of_record
TN:
SF:app\config\defaultStyles.js
FNF:0
FNH:0
LF:0
LH:0
BRDA:8,0,0,0
BRDA:8,0,1,1
BRF:2
BRH:1
end_of_record
TN:
SF:app\config\styles.js
FNF:0
FNH:0
LF:0
LH:0
BRDA:10,0,0,0
BRDA:10,0,1,1
BRF:2
BRH:1
end_of_record
TN:
SF:app\hooks\useApi.js
FN:3,(anonymous_0)
FN:8,(anonymous_1)
FNF:2
FNH:0
FNDA:0,(anonymous_0)
FNDA:0,(anonymous_1)
DA:4,0
DA:5,0
DA:6,0
DA:8,0
DA:9,0
DA:10,0
DA:11,0
DA:13,0
DA:15,0
DA:16,0
DA:19,0
LF:11
LH:0
BRDA:13,0,0,0
BRDA:13,0,1,0
BRF:2
BRH:0
end_of_record
TN:
SF:app\hooks\useLocation.js
FN:5,(anonymous_0)
FN:8,(anonymous_1)
FN:22,(anonymous_2)
FNF:3
FNH:0
FNDA:0,(anonymous_0)
FNDA:0,(anonymous_1)
FNDA:0,(anonymous_2)
DA:6,0
DA:8,0
DA:9,0
DA:11,0
DA:12,0
DA:15,0
DA:16,0
DA:18,0
DA:22,0
DA:23,0
DA:26,0
LF:11
LH:0
BRDA:12,0,0,0
BRDA:12,0,1,0
BRF:2
BRH:0
end_of_record
TN:
SF:app\navigation\AccountNavigator.js
FN:9,(anonymous_0)
FNF:1
FNH:0
FNDA:0,(anonymous_0)
DA:7,1
DA:9,1
DA:10,0
LF:3
LH:2
BRF:0
BRH:0
end_of_record
TN:
SF:app\navigation\AppNavigator.js
FN:13,(anonymous_0)
FN:19,(anonymous_1)
FN:27,(anonymous_2)
FN:28,(anonymous_3)
FN:29,(anonymous_4)
FN:30,(anonymous_5)
FN:39,(anonymous_6)
FNF:7
FNH:0
FNDA:0,(anonymous_0)
FNDA:0,(anonymous_1)
FNDA:0,(anonymous_2)
FNDA:0,(anonymous_3)
FNDA:0,(anonymous_4)
FNDA:0,(anonymous_5)
FNDA:0,(anonymous_6)
DA:11,1
DA:13,1
DA:14,0
DA:20,0
DA:27,0
DA:29,0
DA:31,0
DA:40,0
LF:8
LH:2
BRF:0
BRH:0
end_of_record
TN:
SF:app\navigation\AuthNavigator.js
FN:11,(anonymous_0)
FNF:1
FNH:0
FNDA:0,(anonymous_0)
DA:9,0
DA:11,0
DA:12,0
LF:3
LH:0
BRF:0
BRH:0
end_of_record
TN:
SF:app\navigation\FeedNavigator.js
FN:10,(anonymous_0)
FNF:1
FNH:0
FNDA:0,(anonymous_0)
DA:8,1
DA:10,1
DA:11,0
LF:3
LH:2
BRF:0
BRH:0
end_of_record
TN:
SF:app\navigation\NewListingButton.js
FN:7,NewListingButton
FNF:1
FNH:0
FNDA:0,NewListingButton
DA:8,0
DA:21,1
LF:2
LH:1
BRF:0
BRH:0
end_of_record
TN:
SF:app\navigation\navigationTheme.js
FNF:0
FNH:0
LF:0
LH:0
BRF:0
BRH:0
end_of_record
TN:
SF:app\navigation\routes.js
FNF:0
FNH:0
LF:0
LH:0
BRF:0
BRH:0
end_of_record
TN:
SF:app\screens\AccountScreen.js
FN:29,AccountScreen
FN:42,(anonymous_1)
FN:44,(anonymous_2)
FN:53,(anonymous_3)
FN:56,(anonymous_4)
FNF:5
FNH:0
FNDA:0,AccountScreen
FNDA:0,(anonymous_1)
FNDA:0,(anonymous_2)
FNDA:0,(anonymous_3)
FNDA:0,(anonymous_4)
DA:10,1
DA:30,0
DA:42,0
DA:45,0
DA:53,0
DA:56,0
DA:72,1
LF:7
LH:2
BRF:0
BRH:0
end_of_record
TN:
SF:app\screens\ListingDetailsScreen.js
FN:8,ListingDetailsScreen
FNF:1
FNH:0
FNDA:0,ListingDetailsScreen
DA:9,0
DA:11,0
DA:29,1
LF:3
LH:1
BRF:0
BRH:0
end_of_record
TN:
SF:app\screens\ListingEditScreen.js
FN:81,ListingEditScreen
FN:96,(anonymous_1)
FNF:2
FNH:0
FNDA:0,ListingEditScreen
FNDA:0,(anonymous_1)
DA:16,1
DA:24,1
DA:82,0
DA:84,0
DA:96,0
DA:129,1
LF:6
LH:3
BRF:0
BRH:0
end_of_record
TN:
SF:app\screens\ListingsScreen.js
FN:14,ListingsScreen
FN:17,(anonymous_1)
FN:34,(anonymous_2)
FN:35,(anonymous_3)
FN:40,(anonymous_4)
FNF:5
FNH:0
FNDA:0,ListingsScreen
FNDA:0,(anonymous_1)
FNDA:0,(anonymous_2)
FNDA:0,(anonymous_3)
FNDA:0,(anonymous_4)
DA:15,0
DA:17,0
DA:18,0
DA:23,0
DA:34,0
DA:36,0
DA:40,0
DA:48,1
LF:8
LH:1
BRDA:25,0,0,0
BRDA:25,0,1,0
BRF:2
BRH:0
end_of_record
TN:
SF:app\screens\LoginScreen.js
FN:17,LoginScreen
FN:24,(anonymous_1)
FNF:2
FNH:0
FNDA:0,LoginScreen
FNDA:0,(anonymous_1)
DA:12,0
DA:18,0
DA:24,0
DA:52,0
LF:4
LH:0
BRF:0
BRH:0
end_of_record
TN:
SF:app\screens\MessagesScreen.js
FN:24,MessagesScreen
FN:28,(anonymous_1)
FN:30,(anonymous_2)
FN:38,(anonymous_3)
FN:39,(anonymous_4)
FN:44,(anonymous_5)
FN:45,(anonymous_6)
FN:46,(anonymous_7)
FN:52,(anonymous_8)
FNF:9
FNH:0
FNDA:0,MessagesScreen
FNDA:0,(anonymous_1)
FNDA:0,(anonymous_2)
FNDA:0,(anonymous_3)
FNDA:0,(anonymous_4)
FNDA:0,(anonymous_5)
FNDA:0,(anonymous_6)
FNDA:0,(anonymous_7)
FNDA:0,(anonymous_8)
DA:9,1
DA:25,0
DA:26,0
DA:28,0
DA:30,0
DA:32,0
DA:38,0
DA:40,0
DA:44,0
DA:46,0
DA:53,0
DA:67,1
LF:12
LH:2
BRF:0
BRH:0
end_of_record
TN:
SF:app\screens\RegisterScreen.js
FN:18,RegisterScreen
FN:25,(anonymous_1)
FNF:2
FNH:0
FNDA:0,RegisterScreen
FNDA:0,(anonymous_1)
DA:12,0
DA:19,0
DA:25,0
DA:58,0
LF:4
LH:0
BRF:0
BRH:0
end_of_record
TN:
SF:app\screens\ViewImageScreen.js
FN:7,(anonymous_0)
FNF:1
FNH:0
FNDA:0,(anonymous_0)
DA:7,0
DA:8,0
DA:27,0
LF:3
LH:0
BRF:0
BRH:0
end_of_record
TN:
SF:app\screens\WelcomeScreen.js
FN:6,(anonymous_0)
FN:23,(anonymous_1)
FN:28,(anonymous_2)
FNF:3
FNH:0
FNDA:0,(anonymous_0)
FNDA:0,(anonymous_1)
FNDA:0,(anonymous_2)
DA:6,0
DA:7,0
DA:23,0
DA:28,0
DA:37,0
LF:5
LH:0
BRF:0
BRH:0
end_of_record
